make all --print-data-base --no-builtin-variables --no-builtin-rules --question
# GNU Make 3.81
# Copyright (C) 2006  Free Software Foundation, Inc.
# This is free software; see the source for copying conditions.
# There is NO warranty; not even for MERCHANTABILITY or FITNESS FOR A
# PARTICULAR PURPOSE.

# This program built for i386-apple-darwin11.3.0
 
make: *** No rule to make target `all'.  Stop.
 

# Make data base, printed on Sat Feb  5 08:28:59 2022

# Variables

# automatic
<D = $(patsubst %/,%,$(dir $<))
# automatic
?F = $(notdir $?)
# environment
VSCODE_LOG_NATIVE = false
# automatic
?D = $(patsubst %/,%,$(dir $?))
# automatic
@D = $(patsubst %/,%,$(dir $@))
# automatic
@F = $(notdir $@)
# makefile
CURDIR := /Users/mario/Development/MSX/USB/drivers/MsxUsbNext
# makefile
SHELL = /bin/sh
# environment
VSCODE_NLS_CONFIG = {"locale":"en-gb","availableLanguages":{},"_languagePackSupport":true}
# environment
_ = /usr/bin/make
# environment
CFLAGS = -I/opt/homebrew/include:
# makefile (from `Makefile', line 1)
MAKEFILE_LIST :=  Makefile
# environment
VSCODE_VERBOSE_LOGGING = true
# environment
__CFBundleIdentifier = com.microsoft.VSCode
# environment
INFOPATH = /opt/homebrew/share/info:
# environment
VSCODE_IPC_HOOK_EXTHOST = /var/folders/4r/q_90bflx227bxjcmv1vrspz00000gn/T/vscode-ipc-a053a111-a2a7-4e5e-88db-f13391bffe33.sock
# environment
VSCODE_CWD = /
# environment
PATH = /Users/mario/Development/msx/Compilers/sjasmplus/:/opt/homebrew/bin:/opt/homebrew/bin:/opt/homebrew/sbin:/usr/local/bin:/usr/bin:/bin:/usr/sbin:/sbin:/Applications/Little Snitch.app/Contents/Components
# environment
LSCOLORS = Gxfxcxdxbxegedabagacad
# environment
LIBRARY_PATH = /opt/homebrew/lib:
# environment
CPATH = /opt/homebrew/include:
# environment
VSCODE_LOG_STACK = false
# environment
ELECTRON_RUN_AS_NODE = 1
# environment
LDFLAGS = -L/opt/homebrew/lib:
# default
.FEATURES := target-specific order-only second-expansion else-if archives jobserver check-symlink
# environment
SSH_AUTH_SOCK = /private/tmp/com.apple.launchd.5VMwKX593F/Listeners
# automatic
%F = $(notdir $%)
# environment
VSCODE_PIPE_LOGGING = true
# environment
PWD = /Users/mario/Development/MSX/USB/drivers/MsxUsbNext
# environment
HOMEBREW_CELLAR = /opt/homebrew/Cellar
# environment
PKG_CONFIG_PATH = /opt/homebrew/Cellar/libtiff/4.3.0/lib/pkgconfig:/opt/homebrew/Cellar/gmp/6.2.1_1/lib/pkgconfig:/opt/homebrew/Cellar/libao/1.2.2/lib/pkgconfig:/opt/homebrew/Cellar/libidn2/2.3.2/lib/pkgconfig:/opt/homebrew/Cellar/libpng/1.6.37/lib/pkgconfig:/opt/homebrew/Cellar/ncurses/6.3/lib/pkgconfig:/opt/homebrew/Cellar/nettle/3.7.3/lib/pkgconfig:/opt/homebrew/Cellar/pixman/0.40.0/lib/pkgconfig:/opt/homebrew/Cellar/qt@5/5.15.2_1/lib/pkgconfig:/opt/homebrew/Cellar/freetype/2.11.1/lib/pkgconfig:/opt/homebrew/Cellar/assimp/5.2.0/lib/pkgconfig:/opt/homebrew/Cellar/md4c/0.4.8/lib/pkgconfig:/opt/homebrew/Cellar/libvorbis/1.3.7/lib/pkgconfig:/opt/homebrew/Cellar/brotli/1.0.9/lib/pkgconfig:/opt/homebrew/Cellar/bdw-gc/8.0.6/lib/pkgconfig:/opt/homebrew/Cellar/libogg/1.3.5/lib/pkgconfig:/opt/homebrew/Cellar/libslirp/4.6.1/lib/pkgconfig:/opt/homebrew/Cellar/icu4c/69.1/lib/pkgconfig:/opt/homebrew/Cellar/glib/2.70.2/lib/pkgconfig:/opt/homebrew/Cellar/readline/8.1.1/lib/pkgconfig:/opt/homebrew/Cellar/readline/8.1.2/lib/pkgconfig:/opt/homebrew/Cellar/hunspell/1.7.0_2/lib/pkgconfig:/opt/homebrew/Cellar/dbus/1.12.20/lib/pkgconfig:/opt/homebrew/Cellar/webp/1.2.2/lib/pkgconfig:/opt/homebrew/Cellar/sqlite/3.37.2/lib/pkgconfig:/opt/homebrew/Cellar/sqlite/3.36.0/lib/pkgconfig:/opt/homebrew/Cellar/sqlite/3.37.1/lib/pkgconfig:/opt/homebrew/Cellar/xz/5.2.5/lib/pkgconfig:/opt/homebrew/Cellar/libnghttp2/1.46.0/lib/pkgconfig:/opt/homebrew/Cellar/vde/2.3.2_1/lib/pkgconfig:/opt/homebrew/Cellar/libb2/0.98.1/lib/pkgconfig:/opt/homebrew/Cellar/zstd/1.5.2/lib/pkgconfig:/opt/homebrew/Cellar/tcl-tk/8.6.12_1/lib/pkgconfig:/opt/homebrew/Cellar/libtasn1/4.18.0/lib/pkgconfig:/opt/homebrew/Cellar/glew/2.2.0_1/lib/pkgconfig:/opt/homebrew/Cellar/libssh/0.9.6/lib/pkgconfig:/opt/homebrew/Cellar/pcre2/10.39/lib/pkgconfig:/opt/homebrew/Cellar/libevent/2.1.12/lib/pkgconfig:/opt/homebrew/Cellar/openssl@1.1/1.1.1m/lib/pkgconfig:/opt/homebrew/Cellar/pcre/8.45/lib/pkgconfig:/opt/homebrew/Cellar/unbound/1.13.2_1/lib/pkgconfig:/opt/homebrew/Cellar/jpeg/9e/lib/pkgconfig:/opt/homebrew/Cellar/jpeg/9d/lib/pkgconfig:/opt/homebrew/Cellar/libusb/1.0.24/lib/pkgconfig:/opt/homebrew/Cellar/guile/3.0.7_2/lib/pkgconfig:/opt/homebrew/Cellar/jasper/2.0.33/lib/pkgconfig:/opt/homebrew/Cellar/p11-kit/0.24.0_1/lib/pkgconfig:/opt/homebrew/Cellar/lzo/2.10/lib/pkgconfig:/opt/homebrew/Cellar/libffi/3.4.2/lib/pkgconfig:/opt/homebrew/Cellar/python@3.9/3.9.9/lib/pkgconfig:/opt/homebrew/Cellar/python@3.9/3.9.9/Frameworks/Python.framework/Versions/3.9/lib/pkgconfig:/opt/homebrew/Cellar/python@3.9/3.9.10/lib/pkgconfig:/opt/homebrew/Cellar/python@3.9/3.9.10/Frameworks/Python.framework/Versions/3.9/lib/pkgconfig:/opt/homebrew/Cellar/gnutls/3.6.16_1/lib/pkgconfig
# environment
ORIGINAL_XDG_CURRENT_DESKTOP = undefined
# environment
MANPATH = /opt/homebrew/share/man::
# environment
VSCODE_AMD_ENTRYPOINT = vs/workbench/services/extensions/node/extensionHostProcess
# environment
HOME = /Users/mario
# default
MAKEFILEPATH = $(shell /usr/bin/xcode-select -print-path 2>/dev/null || echo /Developer)/Makefiles
# environment
VSCODE_CODE_CACHE_PATH = /Users/mario/Library/Application Support/Code/CachedData/5554b12acf27056905806867f251c859323ff7e9
# environment
LOGNAME = mario
# environment
APPLICATION_INSIGHTS_NO_DIAGNOSTIC_CHANNEL = 1
# environment
ZSH = /Users/mario/.oh-my-zsh
# environment
VSCODE_HANDLES_UNCAUGHT_ERRORS = true
# automatic
^D = $(patsubst %/,%,$(dir $^))
# environment
XPC_FLAGS = 0x0
# makefile (from `Makefile', line 1)
MAKE := make
# default
MAKECMDGOALS := all
# environment
SHLVL = 1
# default
MAKE_VERSION := 3.81
# environment
USER = mario
# makefile
.DEFAULT_GOAL := Teensy
# environment
LESS = -R
# automatic
%D = $(patsubst %/,%,$(dir $%))
# default
MAKE_COMMAND := /Library/Developer/CommandLineTools/usr/bin/make
# default
.VARIABLES := 
# environment
TMPDIR = /var/folders/4r/q_90bflx227bxjcmv1vrspz00000gn/T/
# automatic
*F = $(notdir $*)
# environment
VSCODE_IPC_HOOK = /Users/mario/Library/Application Support/Code/1.64.0-main.sock
# makefile
MAKEFLAGS = Rrqp
# environment
MFLAGS = -Rrqp
# automatic
*D = $(patsubst %/,%,$(dir $*))
# environment
XPC_SERVICE_NAME = application.com.microsoft.VSCode.5730599.5730605
# environment
HOMEBREW_PREFIX = /opt/homebrew
# automatic
+D = $(patsubst %/,%,$(dir $+))
# automatic
+F = $(notdir $+)
# environment
HOMEBREW_REPOSITORY = /opt/homebrew
# environment
__CF_USER_TEXT_ENCODING = 0x1F5:0x0:0x2
# environment
COMMAND_MODE = unix2003
# default
MAKEFILES := 
# automatic
<F = $(notdir $<)
# environment
PAGER = less
# environment
LC_ALL = C
# automatic
^F = $(notdir $^)
# default
SUFFIXES := 
# environment
MAKELEVEL := 0
# environment
LANG = C
# environment
VSCODE_PID = 91135
# variable set hash-table stats:
# Load=75/1024=7%, Rehash=0, Collisions=1/99=1%

# Pattern-specific Variable Values

# No pattern-specific variable values.

# Directories

# . (device 16777232, inode 7595896): 10 files, no impossibilities.

# 10 files, no impossibilities in 1 directories.

# Implicit Rules

# No implicit rules.

# Files

# Not a target:
all:
#  Command-line target.
#  Implicit rule search has been done.
#  File does not exist.
#  File has not been updated.
# variable set hash-table stats:
# Load=0/32=0%, Rehash=0, Collisions=0/0=0%

.PHONY: Teensy MacOS MSX
#  Implicit rule search has not been done.
#  Modification time never checked.
#  File has not been updated.

Teensy:
#  Phony target (prerequisite of .PHONY).
#  Implicit rule search has not been done.
#  File does not exist.
#  File has not been updated.
#  commands to execute (from `Makefile', line 5):
	$(MAKE) -f -C teensy all
	

# Not a target:
.SUFFIXES:
#  Implicit rule search has not been done.
#  Modification time never checked.
#  File has not been updated.

# Not a target:
Makefile:
#  Implicit rule search has been done.
#  Last modified 2022-01-26 21:08:29
#  File has been updated.
#  Successfully updated.
# variable set hash-table stats:
# Load=0/32=0%, Rehash=0, Collisions=0/0=0%

MSX:
#  Phony target (prerequisite of .PHONY).
#  Implicit rule search has not been done.
#  File does not exist.
#  File has not been updated.
#  commands to execute (from `Makefile', line 13):
	$(MAKE) -C msx all
	

# Not a target:
.DEFAULT:
#  Implicit rule search has not been done.
 
#  Modification time never checked.
#  File has not been updated.

MacOS:
#  Phony target (prerequisite of .PHONY).
#  Implicit rule search has not been done.
#  File does not exist.
#  File has not been updated.
#  commands to execute (from `Makefile', line 9):
	$(MAKE) -C macos all
	

# files hash-table stats:
# Load=8/1024=1%, Rehash=0, Collisions=0/25=0%
# VPATH Search Paths

# No `vpath' search paths.

# No general (`VPATH' variable) search path.

# # of strings in strcache: 1
# # of strcache buffers: 1
# strcache size: total = 4096 / max = 4096 / min = 4096 / avg = 4096
# strcache free: total = 4087 / max = 4087 / min = 4087 / avg = 4087

# Finished Make data base on Sat Feb  5 08:28:59 2022

 
