Flow report for MSXUSB
Tue Nov 22 02:08:50 2022
Quartus II Version 11.0 Build 208 07/03/2011 Service Pack 1 SJ Web Edition


---------------------
; Table of Contents ;
---------------------
  1. Legal Notice
  2. Flow Summary
  3. Flow Settings
  4. Flow Non-Default Global Settings
  5. Flow Elapsed Time
  6. Flow OS Summary
  7. Flow Log



----------------
; Legal Notice ;
----------------
Copyright (C) 1991-2011 Altera Corporation
Your use of Altera Corporation's design tools, logic functions 
and other software and tools, and its AMPP partner logic 
functions, and any output files from any of the foregoing 
(including device programming or simulation files), and any 
associated documentation or information are expressly subject 
to the terms and conditions of the Altera Program License 
Subscription Agreement, Altera MegaCore Function License 
Agreement, or other applicable license agreement, including, 
without limitation, that your use is for the sole purpose of 
programming logic devices manufactured by Altera and sold by 
Altera or its authorized distributors.  Please refer to the 
applicable agreement for further details.



+-----------------------------------------------------------------------+
; Flow Summary                                                          ;
+-----------------------+-----------------------------------------------+
; Flow Status           ; Successful - Tue Nov 22 02:08:50 2022         ;
; Quartus II Version    ; 11.0 Build 208 07/03/2011 SP 1 SJ Web Edition ;
; Revision Name         ; MSXUSB                                        ;
; Top-level Entity Name ; msxusb                                        ;
; Family                ; MAX7000S                                      ;
; Device                ; EPM7064SLC44-10                               ;
; Timing Models         ; Final                                         ;
; Total macrocells      ; 33 / 64 ( 52 % )                              ;
; Total pins            ; 35 / 36 ( 97 % )                              ;
+-----------------------+-----------------------------------------------+


+-----------------------------------------+
; Flow Settings                           ;
+-------------------+---------------------+
; Option            ; Setting             ;
+-------------------+---------------------+
; Start date & time ; 11/22/2022 02:08:44 ;
; Main task         ; Compilation         ;
; Revision Name     ; MSXUSB              ;
+-------------------+---------------------+


+--------------------------------------------------------------------------------------------------------+
; Flow Non-Default Global Settings                                                                       ;
+--------------------------+------------------------------+---------------+-------------+----------------+
; Assignment Name          ; Value                        ; Default Value ; Entity Name ; Section Id     ;
+--------------------------+------------------------------+---------------+-------------+----------------+
; COMPILER_SIGNATURE_ID    ; 963355345413.166909372421248 ; --            ; --          ; --             ;
; EDA_OUTPUT_DATA_FORMAT   ; Verilog Hdl                  ; --            ; --          ; eda_simulation ;
; EDA_SIMULATION_TOOL      ; ModelSim-Altera (Verilog)    ; <None>        ; --          ; --             ;
; PROJECT_OUTPUT_DIRECTORY ; output_files                 ; --            ; --          ; --             ;
+--------------------------+------------------------------+---------------+-------------+----------------+


+-------------------------------------------------------------------------------------------------------------------------------+
; Flow Elapsed Time                                                                                                             ;
+---------------------------+--------------+-------------------------+---------------------+------------------------------------+
; Module Name               ; Elapsed Time ; Average Processors Used ; Peak Virtual Memory ; Total CPU Time (on all processors) ;
+---------------------------+--------------+-------------------------+---------------------+------------------------------------+
; Analysis & Synthesis      ; 00:00:01     ; 1.0                     ; 266 MB              ; 00:00:01                           ;
; Fitter                    ; 00:00:00     ; 1.0                     ; 234 MB              ; 00:00:00                           ;
; Assembler                 ; 00:00:00     ; 1.0                     ; 235 MB              ; 00:00:00                           ;
; TimeQuest Timing Analyzer ; 00:00:01     ; 1.0                     ; 223 MB              ; 00:00:00                           ;
; EDA Netlist Writer        ; 00:00:01     ; 1.0                     ; 212 MB              ; 00:00:00                           ;
; Total                     ; 00:00:03     ; --                      ; --                  ; 00:00:01                           ;
+---------------------------+--------------+-------------------------+---------------------+------------------------------------+


+----------------------------------------------------------------------------------------+
; Flow OS Summary                                                                        ;
+---------------------------+------------------+-----------+------------+----------------+
; Module Name               ; Machine Hostname ; OS Name   ; OS Version ; Processor type ;
+---------------------------+------------------+-----------+------------+----------------+
; Analysis & Synthesis      ; crisaghomepc     ; Windows 7 ; 6.2        ; x86_64         ;
; Fitter                    ; crisaghomepc     ; Windows 7 ; 6.2        ; x86_64         ;
; Assembler                 ; crisaghomepc     ; Windows 7 ; 6.2        ; x86_64         ;
; TimeQuest Timing Analyzer ; crisaghomepc     ; Windows 7 ; 6.2        ; x86_64         ;
; EDA Netlist Writer        ; crisaghomepc     ; Windows 7 ; 6.2        ; x86_64         ;
+---------------------------+------------------+-----------+------------+----------------+


------------
; Flow Log ;
------------
quartus_map --read_settings_files=on --write_settings_files=off MSXUSB -c MSXUSB
quartus_fit --read_settings_files=off --write_settings_files=off MSXUSB -c MSXUSB
quartus_asm --read_settings_files=off --write_settings_files=off MSXUSB -c MSXUSB
quartus_sta MSXUSB -c MSXUSB
quartus_eda --read_settings_files=off --write_settings_files=off MSXUSB -c MSXUSB



