Flow report for MSXUSB
Sun Mar 20 21:02:46 2022
Quartus II 64-Bit Version 13.0.1 Build 232 06/12/2013 Service Pack 1 SJ Web Edition


---------------------
; Table of Contents ;
---------------------
  1. Legal Notice
  2. Flow Summary
  3. Flow Settings
  4. Flow Non-Default Global Settings
  5. Flow Elapsed Time
  6. Flow OS Summary
  7. Flow Log
  8. Flow Messages
  9. Flow Suppressed Messages



----------------
; Legal Notice ;
----------------
Copyright (C) 1991-2013 Altera Corporation
Your use of Altera Corporation's design tools, logic functions 
and other software and tools, and its AMPP partner logic 
functions, and any output files from any of the foregoing 
(including device programming or simulation files), and any 
associated documentation or information are expressly subject 
to the terms and conditions of the Altera Program License 
Subscription Agreement, Altera MegaCore Function License 
Agreement, or other applicable license agreement, including, 
without limitation, that your use is for the sole purpose of 
programming logic devices manufactured by Altera and sold by 
Altera or its authorized distributors.  Please refer to the 
applicable agreement for further details.



+-----------------------------------------------------------------------------+
; Flow Summary                                                                ;
+---------------------------+-------------------------------------------------+
; Flow Status               ; Successful - Sun Mar 20 21:02:46 2022           ;
; Quartus II 64-Bit Version ; 13.0.1 Build 232 06/12/2013 SP 1 SJ Web Edition ;
; Revision Name             ; MSXUSB                                          ;
; Top-level Entity Name     ; msxusb                                          ;
; Family                    ; MAX7000S                                        ;
; Device                    ; EPM7064SLC44-10                                 ;
; Timing Models             ; Final                                           ;
; Total macrocells          ; 33 / 64 ( 52 % )                                ;
; Total pins                ; 34 / 36 ( 94 % )                                ;
+---------------------------+-------------------------------------------------+


+-----------------------------------------+
; Flow Settings                           ;
+-------------------+---------------------+
; Option            ; Setting             ;
+-------------------+---------------------+
; Start date & time ; 03/20/2022 21:02:39 ;
; Main task         ; Compilation         ;
; Revision Name     ; MSXUSB              ;
+-------------------+---------------------+


+--------------------------------------------------------------------------------------------------------+
; Flow Non-Default Global Settings                                                                       ;
+--------------------------+------------------------------+---------------+-------------+----------------+
; Assignment Name          ; Value                        ; Default Value ; Entity Name ; Section Id     ;
+--------------------------+------------------------------+---------------+-------------+----------------+
; COMPILER_SIGNATURE_ID    ; 121376536172.164780655805020 ; --            ; --          ; --             ;
; EDA_OUTPUT_DATA_FORMAT   ; Verilog Hdl                  ; --            ; --          ; eda_simulation ;
; EDA_SIMULATION_TOOL      ; ModelSim-Altera (Verilog)    ; <None>        ; --          ; --             ;
; PROJECT_OUTPUT_DIRECTORY ; output_files                 ; --            ; --          ; --             ;
+--------------------------+------------------------------+---------------+-------------+----------------+


+-------------------------------------------------------------------------------------------------------------------------------+
; Flow Elapsed Time                                                                                                             ;
+---------------------------+--------------+-------------------------+---------------------+------------------------------------+
; Module Name               ; Elapsed Time ; Average Processors Used ; Peak Virtual Memory ; Total CPU Time (on all processors) ;
+---------------------------+--------------+-------------------------+---------------------+------------------------------------+
; Analysis & Synthesis      ; 00:00:02     ; 1.0                     ; 12903 MB            ; 00:00:01                           ;
; Fitter                    ; 00:00:01     ; 1.0                     ; 13007 MB            ; 00:00:01                           ;
; Assembler                 ; 00:00:01     ; 1.0                     ; 12846 MB            ; 00:00:00                           ;
; TimeQuest Timing Analyzer ; 00:00:01     ; 1.0                     ; 12832 MB            ; 00:00:01                           ;
; EDA Netlist Writer        ; 00:00:01     ; 1.0                     ; 12797 MB            ; 00:00:00                           ;
; Total                     ; 00:00:06     ; --                      ; --                  ; 00:00:03                           ;
+---------------------------+--------------+-------------------------+---------------------+------------------------------------+


+----------------------------------------------------------------------------------------+
; Flow OS Summary                                                                        ;
+---------------------------+------------------+-----------+------------+----------------+
; Module Name               ; Machine Hostname ; OS Name   ; OS Version ; Processor type ;
+---------------------------+------------------+-----------+------------+----------------+
; Analysis & Synthesis      ; MARIOSMITD509    ; Windows 7 ; 6.2        ; x86_64         ;
; Fitter                    ; MARIOSMITD509    ; Windows 7 ; 6.2        ; x86_64         ;
; Assembler                 ; MARIOSMITD509    ; Windows 7 ; 6.2        ; x86_64         ;
; TimeQuest Timing Analyzer ; MARIOSMITD509    ; Windows 7 ; 6.2        ; x86_64         ;
; EDA Netlist Writer        ; MARIOSMITD509    ; Windows 7 ; 6.2        ; x86_64         ;
+---------------------------+------------------+-----------+------------+----------------+


------------
; Flow Log ;
------------
quartus_map --read_settings_files=on --write_settings_files=off MSXUSB -c MSXUSB
quartus_fit --read_settings_files=off --write_settings_files=off MSXUSB -c MSXUSB
quartus_asm --read_settings_files=off --write_settings_files=off MSXUSB -c MSXUSB
quartus_sta MSXUSB -c MSXUSB
quartus_eda --read_settings_files=off --write_settings_files=off MSXUSB -c MSXUSB



